<?xml version="1.0" encoding="UTF-8"?>
<testng-results ignored="0" total="1" passed="1" failed="0" skipped="0">
  <reporter-output>
  </reporter-output>
  <suite started-at="2024-04-16T00:12:15 IST" name="Default suite" finished-at="2024-04-16T00:12:15 IST" duration-ms="505">
    <groups>
    </groups>
    <test started-at="2024-04-16T00:12:15 IST" name="Default test" finished-at="2024-04-16T00:12:15 IST" duration-ms="505">
      <class name="pack.CheckingOfTestNG">
        <test-method is-config="true" signature="beforeClass()[pri:0, instance:pack.CheckingOfTestNG@52e6fdee]" started-at="2024-04-16T00:12:15 IST" name="beforeClass" finished-at="2024-04-16T00:12:15 IST" duration-ms="80" status="PASS">
          <reporter-output>
          </reporter-output>
        </test-method> <!-- beforeClass -->
        <test-method is-config="true" signature="beforeMethod()[pri:0, instance:pack.CheckingOfTestNG@52e6fdee]" started-at="2024-04-16T00:12:15 IST" name="beforeMethod" finished-at="2024-04-16T00:12:15 IST" duration-ms="2" status="PASS">
          <reporter-output>
          </reporter-output>
        </test-method> <!-- beforeMethod -->
        <test-method signature="test()[pri:0, instance:pack.CheckingOfTestNG@52e6fdee]" started-at="2024-04-16T00:12:15 IST" name="test" finished-at="2024-04-16T00:12:15 IST" duration-ms="73" status="PASS">
          <reporter-output>
          </reporter-output>
        </test-method> <!-- test -->
      </class> <!-- pack.CheckingOfTestNG -->
    </test> <!-- Default test -->
  </suite> <!-- Default suite -->
</testng-results>
