<?xml version="1.0" encoding="UTF-8"?>
<!-- Generated by org.testng.reporters.JUnitXMLReporter -->
<testsuite ignored="0" hostname="DESKTOP-392F8VM" failures="0" tests="3" name="EdgeTest" time="81.054" errors="0" timestamp="2024-04-28T12:24:40 IST">
  <testcase classname="test.TestingCreateNewAccount" name="verifyCreateNewAccountSuccessfully" time="0.001">
    <skipped/>
  </testcase> <!-- verifyCreateNewAccountSuccessfully -->
  <testcase classname="test.TestingMyAccountPage" name="verifyCreateNewAccountSuccessfully" time="0.001">
    <skipped/>
  </testcase> <!-- verifyCreateNewAccountSuccessfully -->
  <testcase classname="test.TestingSignUpPage" name="verifySignInSuccessfully" time="0.001">
    <skipped/>
  </testcase> <!-- verifySignInSuccessfully -->
</testsuite> <!-- EdgeTest -->
